<?xml version="1.0" encoding="UTF-8"?>
<testsuite name="ru.nsu.kutsenko.task113.ExpressionParserTest" tests="10" skipped="0" failures="0" errors="0" timestamp="2025-10-02T17:03:02.222Z" hostname="ARTEMIUS951" time="0.056">
  <properties/>
  <testcase name="testParseSimpleAddition()" classname="ru.nsu.kutsenko.task113.ExpressionParserTest" time="0.03"/>
  <testcase name="testParseMultiLetterVariables()" classname="ru.nsu.kutsenko.task113.ExpressionParserTest" time="0.001"/>
  <testcase name="testParseNumber()" classname="ru.nsu.kutsenko.task113.ExpressionParserTest" time="0.001"/>
  <testcase name="testParseInvalidExpressionThrowsException()" classname="ru.nsu.kutsenko.task113.ExpressionParserTest" time="0.004"/>
  <testcase name="testParseVariable()" classname="ru.nsu.kutsenko.task113.ExpressionParserTest" time="0.0"/>
  <testcase name="testParseComplexExpression()" classname="ru.nsu.kutsenko.task113.ExpressionParserTest" time="0.002"/>
  <testcase name="testParseWithSpaces()" classname="ru.nsu.kutsenko.task113.ExpressionParserTest" time="0.001"/>
  <testcase name="testParseEmptyExpressionThrowsException()" classname="ru.nsu.kutsenko.task113.ExpressionParserTest" time="0.001"/>
  <testcase name="testParseMultiDigitNumbers()" classname="ru.nsu.kutsenko.task113.ExpressionParserTest" time="0.001"/>
  <testcase name="testParseUnknownOperatorThrowsException()" classname="ru.nsu.kutsenko.task113.ExpressionParserTest" time="0.003"/>
  <system-out><![CDATA[]]></system-out>
  <system-err><![CDATA[]]></system-err>
</testsuite>
